Using pre-set license
Built from '2020.3/release' branch; Version is '2020.3.1f1 (77a89f25062f) revision 7841951'; Using compiler version '192528614'; Build Type 'Release'
OS: 'Windows 10 Pro; OS build 22000.1335; Version 2009; 64bit' Language: 'pt' Physical Memory: 16082 MB
BatchMode: 1, IsHumanControllingUs: 0, StartBugReporterOnCrash: 0, Is64bit: 1, IsPro: 0

 COMMAND LINE ARGUMENTS:
C:\Program Files\Unity\Editor\Unity.exe
-adb2
-batchMode
-noUpm
-name
AssetImportWorker0
-projectPath
C:/Users/diana/Documents/IPS/2ANO/IA/projeto/IAprojeto_Diana_Gonçalo
-logFile
Logs/AssetImportWorker0.log
-srvPort
63876
Successfully changed project path to: C:/Users/diana/Documents/IPS/2ANO/IA/projeto/IAprojeto_Diana_Gonçalo
C:/Users/diana/Documents/IPS/2ANO/IA/projeto/IAprojeto_Diana_Gonçalo
Using Asset Import Pipeline V2.
Refreshing native plugins compatible for Editor in 41.90 ms, found 1 plugins.
Preloading 0 native plugins for Editor in 0.00 ms.
Initialize engine version: 2020.3.1f1 (77a89f25062f)
[Subsystems] Discovering subsystems at path C:/Program Files/Unity/Editor/Data/Resources/UnitySubsystems
[Subsystems] Discovering subsystems at path C:/Users/diana/Documents/IPS/2ANO/IA/projeto/IAprojeto_Diana_Gonçalo/Assets
GfxDevice: creating device client; threaded=0
Direct3D:
    Version:  Direct3D 11.0 [level 11.1]
    Renderer: Intel(R) Iris(R) Xe Graphics (ID=0x9a49)
    Vendor:   
    VRAM:     8041 MB
    Driver:   31.0.101.3889
Initialize mono
Mono path[0] = 'C:/Program Files/Unity/Editor/Data/Managed'
Mono path[1] = 'C:/Program Files/Unity/Editor/Data/MonoBleedingEdge/lib/mono/unityjit'
Mono config path = 'C:/Program Files/Unity/Editor/Data/MonoBleedingEdge/etc'
Using monoOptions --debugger-agent=transport=dt_socket,embedding=1,server=y,suspend=n,address=127.0.0.1:56496
Begin MonoManager ReloadAssembly
Registering precompiled unity dll's ...
Register platform support module: C:/Program Files/Unity/Editor/Data/PlaybackEngines/WindowsStandaloneSupport/UnityEditor.WindowsStandalone.Extensions.dll
Registered in 0.002299 seconds.
Native extension for WindowsStandalone target not found
Refreshing native plugins compatible for Editor in 62.87 ms, found 1 plugins.
Preloading 0 native plugins for Editor in 0.00 ms.
Invoked RoslynAnalysisRunner static constructor.
RoslynAnalysisRunner will not be running.
RoslynAnalysisRunner has terminated.
Mono: successfully reloaded assembly
- Completed reload, in  1.516 seconds
Platform modules already initialized, skipping
Registering precompiled user dll's ...
Registered in 0.001852 seconds.
Begin MonoManager ReloadAssembly
Native extension for WindowsStandalone target not found
Refreshing native plugins compatible for Editor in 41.01 ms, found 1 plugins.
Preloading 0 native plugins for Editor in 0.00 ms.
Invoked RoslynAnalysisRunner static constructor.
RoslynAnalysisRunner will not be running.
RoslynAnalysisRunner has terminated.
Mono: successfully reloaded assembly
- Completed reload, in  1.390 seconds
Platform modules already initialized, skipping
========================================================================
Worker process is ready to serve import requests
Launched and connected shader compiler UnityShaderCompiler.exe after 0.12 seconds
Refreshing native plugins compatible for Editor in 0.37 ms, found 1 plugins.
Preloading 0 native plugins for Editor in 0.00 ms.
Unloading 1857 Unused Serialized files (Serialized files now loaded: 0)
System memory in use before: 87.5 MB.
System memory in use after: 87.5 MB.

Unloading 24 unused Assets to reduce memory usage. Loaded Objects now: 2300.
Total: 4.697400 ms (FindLiveObjects: 0.397700 ms CreateObjectMapping: 0.123700 ms MarkObjects: 3.783800 ms  DeleteObjects: 0.389300 ms)

========================================================================
Received Import Request.
  path: Assets/assets/Fundo_Borda.png
  artifactKey: Guid(cae1d1ec72149ad4ca4196c91b6da0fb) Importer(815301076,1909f56bfc062723c751e8b465ee728b)
Start importing Assets/assets/Fundo_Borda.png using Guid(cae1d1ec72149ad4ca4196c91b6da0fb) Importer(815301076,1909f56bfc062723c751e8b465ee728b)  -> (artifact id: 'f4bf9c07a328b82e3dac237e3ffd5d98') in 0.259285 seconds
  Import took 0.268971 seconds .

========================================================================
Received Import Request.
  Time since last request: 5.864865 seconds.
  path: Assets/assets/Fundo_Borda.png
  artifactKey: Guid(cae1d1ec72149ad4ca4196c91b6da0fb) Importer(815301076,1909f56bfc062723c751e8b465ee728b)
Start importing Assets/assets/Fundo_Borda.png using Guid(cae1d1ec72149ad4ca4196c91b6da0fb) Importer(815301076,1909f56bfc062723c751e8b465ee728b)  -> (artifact id: '66a353957317bd60db083275e35540dc') in 0.011791 seconds
  Import took 0.016525 seconds .

========================================================================
Received Prepare
Refreshing native plugins compatible for Editor in 2.85 ms, found 1 plugins.
Preloading 0 native plugins for Editor in 0.00 ms.
Unloading 10 Unused Serialized files (Serialized files now loaded: 0)
System memory in use before: 53.4 MB.
System memory in use after: 53.4 MB.

Unloading 10 unused Assets to reduce memory usage. Loaded Objects now: 2306.
Total: 3.129100 ms (FindLiveObjects: 0.477300 ms CreateObjectMapping: 0.137900 ms MarkObjects: 2.309200 ms  DeleteObjects: 0.203000 ms)

AssetImportWorkerClient::OnTransportError - code=2 error=End of file
